\BOOKMARK [0][-]{chapter.1}{Einleitung}{}% 1
\BOOKMARK [1][-]{section.1.1}{Motivation}{chapter.1}% 2
\BOOKMARK [1][-]{section.1.2}{Thesis - Agile Transformation im Konzern}{chapter.1}% 3
\BOOKMARK [0][-]{chapter.2}{Teil I: Projektmanagement in der Theorie}{}% 4
\BOOKMARK [1][-]{section.2.1}{Projektmanagement \(Konkretisierung\)}{chapter.2}% 5
\BOOKMARK [2][-]{subsection.2.1.1}{Projektbegriff}{section.2.1}% 6
\BOOKMARK [2][-]{subsection.2.1.2}{Aufgaben des Projektmanagements}{section.2.1}% 7
\BOOKMARK [2][-]{subsection.2.1.3}{Projektmanagementans\344tze}{section.2.1}% 8
\BOOKMARK [1][-]{section.2.2}{Projektmanagement in der Industrie}{chapter.2}% 9
\BOOKMARK [2][-]{subsection.2.2.1}{Gegenw\344rtige Situation}{section.2.2}% 10
\BOOKMARK [2][-]{subsection.2.2.2}{Problematik}{section.2.2}% 11
\BOOKMARK [2][-]{subsection.2.2.3}{L\366sungsansatz: Agile Welt}{section.2.2}% 12
\BOOKMARK [0][-]{chapter.3}{Teil II: Agile Arbeitsweisen in der Praxis}{}% 13
\BOOKMARK [1][-]{section.3.1}{Gegen\374berstellung von agilen zu klassischen Modellen}{chapter.3}% 14
\BOOKMARK [2][-]{subsection.3.1.1}{Kundenverf\374gbarkeit}{section.3.1}% 15
\BOOKMARK [2][-]{subsection.3.1.2}{Scope \046 Feuatures}{section.3.1}% 16
\BOOKMARK [2][-]{subsection.3.1.3}{Feature Priorisierung}{section.3.1}% 17
\BOOKMARK [2][-]{subsection.3.1.4}{Teams \046 F\374hrung}{section.3.1}% 18
\BOOKMARK [2][-]{subsection.3.1.5}{Finanzierung}{section.3.1}% 19
\BOOKMARK [2][-]{subsection.3.1.6}{Qualit\344tsmanagement}{section.3.1}% 20
\BOOKMARK [1][-]{section.3.2}{Agile Frameworks}{chapter.3}% 21
\BOOKMARK [2][-]{subsection.3.2.1}{Lean Startup}{section.3.2}% 22
\BOOKMARK [2][-]{subsection.3.2.2}{Scrum}{section.3.2}% 23
\BOOKMARK [2][-]{subsection.3.2.3}{Scranban}{section.3.2}% 24
\BOOKMARK [1][-]{section.3.3}{Tools \046 Plattformen}{chapter.3}% 25
\BOOKMARK [2][-]{subsection.3.3.1}{Trello \046 Jira}{section.3.3}% 26
\BOOKMARK [2][-]{subsection.3.3.2}{Share Point \046 Group Connect}{section.3.3}% 27
\BOOKMARK [2][-]{subsection.3.3.3}{Slack \046 MS Teams}{section.3.3}% 28
\BOOKMARK [0][-]{chapter.4}{Teil III: Integration agiler Arbeitsweisen im Konzern}{}% 29
\BOOKMARK [1][-]{section.4.1}{Agile Transformation Strategy}{chapter.4}% 30
\BOOKMARK [2][-]{subsection.4.1.1}{Vision}{section.4.1}% 31
\BOOKMARK [2][-]{subsection.4.1.2}{Impediments}{section.4.1}% 32
\BOOKMARK [2][-]{subsection.4.1.3}{Guideline zur agilen Transformation}{section.4.1}% 33
\BOOKMARK [2][-]{subsection.4.1.4}{Synchronisation}{section.4.1}% 34
\BOOKMARK [2][-]{subsection.4.1.5}{Training \(Coaching\)}{section.4.1}% 35
\BOOKMARK [2][-]{subsection.4.1.6}{Agile Community}{section.4.1}% 36
\BOOKMARK [1][-]{section.4.2}{Agile Welt: VUCA}{chapter.4}% 37
\BOOKMARK [2][-]{subsection.4.2.1}{Design Thinking}{section.4.2}% 38
\BOOKMARK [2][-]{subsection.4.2.2}{Business Model Generation}{section.4.2}% 39
\BOOKMARK [2][-]{subsection.4.2.3}{Team Management}{section.4.2}% 40
\BOOKMARK [1][-]{section.4.3}{Moderne Philosophie}{chapter.4}% 41
\BOOKMARK [2][-]{subsection.4.3.1}{Agile Werte}{section.4.3}% 42
\BOOKMARK [2][-]{subsection.4.3.2}{Agile Prinzipien}{section.4.3}% 43
\BOOKMARK [0][-]{chapter.5}{Res\374mee}{}% 44
\BOOKMARK [1][-]{section.5.1}{Interpretation}{chapter.5}% 45
\BOOKMARK [1][-]{section.5.2}{M\366gliche Forschungsl\374cken \(offene Fragen\)}{chapter.5}% 46
\BOOKMARK [0][-]{section.5.2}{Abk\374rzungsverzeichnis}{}% 47
\BOOKMARK [0][-]{section.5.2}{Glossar}{}% 48
\BOOKMARK [0][-]{chapter*.2}{Abbildungsverzeichnis}{}% 49
\BOOKMARK [0][-]{chapter*.3}{Literaturverzeichnis}{}% 50
