This is pdfTeX, Version 3.14159265-2.6-1.40.18 (MiKTeX 2.9.6350 64-bit) (preloaded format=pdflatex 2017.10.18)  8 DEC 2017 10:47
entering extended mode
**./Bachelor.tex
(Bachelor.tex
LaTeX2e <2017-04-15>
Babel <3.10> and hyphenation patterns for 75 language(s) loaded.
("C:\Program Files\MiKTeX 2.9\tex\latex\koma-script\scrreprt.cls"
Document Class: scrreprt 2017/09/07 v3.24 KOMA-Script document class (report)
("C:\Program Files\MiKTeX 2.9\tex\latex\koma-script\scrkbase.sty"
Package: scrkbase 2017/09/07 v3.24 KOMA-Script package (KOMA-Script-dependent b
asics and keyval usage)

("C:\Program Files\MiKTeX 2.9\tex\latex\koma-script\scrbase.sty"
Package: scrbase 2017/09/07 v3.24 KOMA-Script package (KOMA-Script-independent 
basics and keyval usage)

("C:\Program Files\MiKTeX 2.9\tex\latex\graphics\keyval.sty"
Package: keyval 2014/10/28 v1.15 key=value parser (DPC)
\KV@toks@=\toks14
)
("C:\Program Files\MiKTeX 2.9\tex\latex\koma-script\scrlfile.sty"
Package: scrlfile 2017/09/07 v3.24 KOMA-Script package (loading files)
)))
("C:\Program Files\MiKTeX 2.9\tex\latex\koma-script\tocbasic.sty"
Package: tocbasic 2017/09/07 v3.24 KOMA-Script package (handling toc-files)
\scr@dte@tocline@numberwidth=\skip41
\scr@dte@tocline@numbox=\box26
)
Package tocbasic Info: omitting babel extension for `toc'
(tocbasic)             because of feature `nobabel' available
(tocbasic)             for `toc' on input line 135.
Package tocbasic Info: omitting babel extension for `lof'
(tocbasic)             because of feature `nobabel' available
(tocbasic)             for `lof' on input line 137.
Package tocbasic Info: omitting babel extension for `lot'
(tocbasic)             because of feature `nobabel' available
(tocbasic)             for `lot' on input line 138.
Package tocbasic Info: defining new hook before heading of `' on input line 162
7.
Package scrreprt Info: You've used standard option `12pt'.
(scrreprt)             This is correct!
(scrreprt)             Internally I'm using `fontsize=12pt'.
(scrreprt)             If you'd like to set the option with \KOMAoptions,
(scrreprt)             you'd have to use `fontsize=12pt' there
(scrreprt)             instead of `12pt', too.
Class scrreprt Info: File `scrsize12pt.clo' used to setup font sizes on input l
ine 2293.

("C:\Program Files\MiKTeX 2.9\tex\latex\koma-script\scrsize12pt.clo"
File: scrsize12pt.clo 2017/09/07 v3.24 KOMA-Script font size class option (12pt
)
)
("C:\Program Files\MiKTeX 2.9\tex\latex\koma-script\typearea.sty"
Package: typearea 2017/09/07 v3.24 KOMA-Script package (type area)
\ta@bcor=\skip42
\ta@div=\count79
\ta@hblk=\skip43
\ta@vblk=\skip44
\ta@temp=\skip45
\footheight=\skip46
Package typearea Info: These are the values describing the layout:
(typearea)             DIV  = 12
(typearea)             BCOR = 0.0pt
(typearea)             \paperwidth      = 597.50793pt
(typearea)              \textwidth      = 448.13095pt
(typearea)              DIV departure   = -6%
(typearea)              \evensidemargin = 2.4185pt
(typearea)              \oddsidemargin  = 2.4185pt
(typearea)             \paperheight     = 845.04694pt
(typearea)              \textheight     = 635.5pt
(typearea)              \topmargin      = -41.72441pt
(typearea)              \headheight     = 18.125pt
(typearea)              \headsep        = 21.75pt
(typearea)              \topskip        = 12.0pt
(typearea)              \footskip       = 50.75pt
(typearea)              \baselineskip   = 14.5pt
(typearea)              on input line 1686.
)
\c@part=\count80
\c@chapter=\count81
\c@section=\count82
\c@subsection=\count83
\c@subsubsection=\count84
\c@paragraph=\count85
\c@subparagraph=\count86
\scr@dte@part@maxnumwidth=\skip47
\scr@dte@chapter@maxnumwidth=\skip48
\scr@dte@section@maxnumwidth=\skip49
\scr@dte@subsection@maxnumwidth=\skip50
\scr@dte@subsubsection@maxnumwidth=\skip51
\scr@dte@paragraph@maxnumwidth=\skip52
\scr@dte@subparagraph@maxnumwidth=\skip53
LaTeX Info: Redefining \textsubscript on input line 4964.
\abovecaptionskip=\skip54
\belowcaptionskip=\skip55
\c@pti@nb@sid@b@x=\box27
\c@figure=\count87
\c@table=\count88
Class scrreprt Info: Redefining `\numberline' on input line 6130.
\bibindent=\dimen102
)
("C:\Program Files\MiKTeX 2.9\tex\generic\babel\babel.sty"
Package: babel 2017/05/19 3.10 The Babel package

*************************************
* Local config file bblopts.cfg used
*
("C:\Program Files\MiKTeX 2.9\tex\latex\arabi\bblopts.cfg"
File: bblopts.cfg 2005/09/08 v0.1 add Arabic and Farsi to "declared" options of
 babel
)
("C:\Program Files\MiKTeX 2.9\tex\latex\babel-german\ngerman.ldf"
Language: ngerman 2016/11/02 v2.9 German support for babel (new orthography)

("C:\Program Files\MiKTeX 2.9\tex\latex\babel-german\ngermanb.ldf"
Language: ngermanb 2016/11/02 v2.9 German support for babel (new orthography)

("C:\Program Files\MiKTeX 2.9\tex\generic\babel\babel.def"
File: babel.def 2017/05/19 3.10 Babel common definitions
\babel@savecnt=\count89
\U@D=\dimen103
)
Package babel Info: Making " an active character on input line 125.
)))
("C:\Program Files\MiKTeX 2.9\tex\latex\pdfpages\pdfpages.sty"
Package: pdfpages 2017/08/14 v0.5k Insert pages of external PDF documents (AM)

("C:\Program Files\MiKTeX 2.9\tex\latex\base\ifthen.sty"
Package: ifthen 2014/09/29 v1.1c Standard LaTeX ifthen package (DPC)
)
("C:\Program Files\MiKTeX 2.9\tex\latex\tools\calc.sty"
Package: calc 2014/10/28 v4.3 Infix arithmetic (KKT,FJ)
\calc@Acount=\count90
\calc@Bcount=\count91
\calc@Adimen=\dimen104
\calc@Bdimen=\dimen105
\calc@Askip=\skip56
\calc@Bskip=\skip57
LaTeX Info: Redefining \setlength on input line 80.
LaTeX Info: Redefining \addtolength on input line 81.
\calc@Ccount=\count92
\calc@Cskip=\skip58
)
("C:\Program Files\MiKTeX 2.9\tex\latex\eso-pic\eso-pic.sty"
Package: eso-pic 2015/07/21 v2.0g eso-pic (RN)

("C:\Program Files\MiKTeX 2.9\tex\generic\oberdiek\atbegshi.sty"
Package: atbegshi 2016/06/09 v1.18 At begin shipout hook (HO)

("C:\Program Files\MiKTeX 2.9\tex\generic\oberdiek\infwarerr.sty"
Package: infwarerr 2016/05/16 v1.4 Providing info/warning/error messages (HO)
)
("C:\Program Files\MiKTeX 2.9\tex\generic\oberdiek\ltxcmds.sty"
Package: ltxcmds 2016/05/16 v1.23 LaTeX kernel commands for general use (HO)
)
("C:\Program Files\MiKTeX 2.9\tex\generic\oberdiek\ifpdf.sty"
Package: ifpdf 2017/03/15 v3.2 Provides the ifpdf switch
))
("C:\Program Files\MiKTeX 2.9\tex\latex\xcolor\xcolor.sty"
Package: xcolor 2016/05/11 v2.12 LaTeX color extensions (UK)

("C:\Program Files\MiKTeX 2.9\tex\latex\graphics-cfg\color.cfg"
File: color.cfg 2016/01/02 v1.6 sample color configuration
)
Package xcolor Info: Driver file: pdftex.def on input line 225.

("C:\Program Files\MiKTeX 2.9\tex\latex\graphics-def\pdftex.def"
File: pdftex.def 2017/01/12 v0.06k Graphics/color for pdfTeX
\Gread@gobject=\count93
)
Package xcolor Info: Model `cmy' substituted by `cmy0' on input line 1348.
Package xcolor Info: Model `hsb' substituted by `rgb' on input line 1352.
Package xcolor Info: Model `RGB' extended on input line 1364.
Package xcolor Info: Model `HTML' substituted by `rgb' on input line 1366.
Package xcolor Info: Model `Hsb' substituted by `hsb' on input line 1367.
Package xcolor Info: Model `tHsb' substituted by `hsb' on input line 1368.
Package xcolor Info: Model `HSB' substituted by `hsb' on input line 1369.
Package xcolor Info: Model `Gray' substituted by `gray' on input line 1370.
Package xcolor Info: Model `wave' substituted by `hsb' on input line 1371.
))
("C:\Program Files\MiKTeX 2.9\tex\latex\graphics\graphicx.sty"
Package: graphicx 2014/10/28 v1.0g Enhanced LaTeX Graphics (DPC,SPQR)

("C:\Program Files\MiKTeX 2.9\tex\latex\graphics\graphics.sty"
Package: graphics 2017/04/14 v1.1b Standard LaTeX Graphics (DPC,SPQR)

("C:\Program Files\MiKTeX 2.9\tex\latex\graphics\trig.sty"
Package: trig 2016/01/03 v1.10 sin cos tan (DPC)
)
("C:\Program Files\MiKTeX 2.9\tex\latex\graphics-cfg\graphics.cfg"
File: graphics.cfg 2016/06/04 v1.11 sample graphics configuration
)
Package graphics Info: Driver file: pdftex.def on input line 99.
)
\Gin@req@height=\dimen106
\Gin@req@width=\dimen107
)
\AM@pagewidth=\dimen108
\AM@pageheight=\dimen109

("C:\Program Files\MiKTeX 2.9\tex\latex\pdfpages\pppdftex.def"
File: pppdftex.def 2017/08/14 v0.5k Pdfpages driver for pdfTeX (AM)
)
\AM@pagebox=\box28
\AM@global@opts=\toks15
\AM@toc@title=\toks16
\c@AM@survey=\count94
\AM@templatesizebox=\box29
)
("C:\Program Files\MiKTeX 2.9\tex\latex\geometry\geometry.sty"
Package: geometry 2010/09/12 v5.6 Page Geometry

("C:\Program Files\MiKTeX 2.9\tex\generic\oberdiek\ifvtex.sty"
Package: ifvtex 2016/05/16 v1.6 Detect VTeX and its facilities (HO)
Package ifvtex Info: VTeX not detected.
)
("C:\Program Files\MiKTeX 2.9\tex\generic\ifxetex\ifxetex.sty"
Package: ifxetex 2010/09/12 v0.6 Provides ifxetex conditional
)
\Gm@cnth=\count95
\Gm@cntv=\count96
\c@Gm@tempcnt=\count97
\Gm@bindingoffset=\dimen110
\Gm@wd@mp=\dimen111
\Gm@odd@mp=\dimen112
\Gm@even@mp=\dimen113
\Gm@layoutwidth=\dimen114
\Gm@layoutheight=\dimen115
\Gm@layouthoffset=\dimen116
\Gm@layoutvoffset=\dimen117
\Gm@dimlist=\toks17

("C:\Program Files\MiKTeX 2.9\tex\latex\geometry\geometry.cfg"))
("C:\Program Files\MiKTeX 2.9\tex\latex\url\url.sty"
\Urlmuskip=\muskip10
Package: url 2013/09/16  ver 3.4  Verb mode for urls, etc.
)
("C:\Program Files\MiKTeX 2.9\tex\latex\cite\cite.sty"
LaTeX Info: Redefining \cite on input line 302.
LaTeX Info: Redefining \nocite on input line 332.
Package: cite 2015/02/27  v 5.5
)
("C:\Program Files\MiKTeX 2.9\tex\latex\ae\ae.sty"
Package: ae 2001/02/12 1.3 Almost European Computer Modern

("C:\Program Files\MiKTeX 2.9\tex\latex\base\fontenc.sty"
Package: fontenc 2017/04/05 v2.0i Standard LaTeX package

("C:\Program Files\MiKTeX 2.9\tex\latex\base\t1enc.def"
File: t1enc.def 2017/04/05 v2.0i Standard LaTeX file
LaTeX Font Info:    Redeclaring font encoding T1 on input line 48.
)
LaTeX Font Info:    Try loading font information for T1+aer on input line 105.

("C:\Program Files\MiKTeX 2.9\tex\latex\ae\t1aer.fd"
File: t1aer.fd 1997/11/16 Font definitions for T1/aer.
)))
("C:\Program Files\MiKTeX 2.9\tex\latex\base\inputenc.sty"
Package: inputenc 2015/03/17 v1.2c Input encoding file
\inpenc@prehook=\toks18
\inpenc@posthook=\toks19

("C:\Program Files\MiKTeX 2.9\tex\latex\base\ansinew.def"
File: ansinew.def 2015/03/17 v1.2c Input encoding file
))
("C:\Program Files\MiKTeX 2.9\tex\latex\base\fontenc.sty"
Package: fontenc 2017/04/05 v2.0i Standard LaTeX package

("C:\Program Files\MiKTeX 2.9\tex\latex\base\t1enc.def"
File: t1enc.def 2017/04/05 v2.0i Standard LaTeX file
LaTeX Font Info:    Redeclaring font encoding T1 on input line 48.
))
("C:\Program Files\MiKTeX 2.9\tex\latex\lm\lmodern.sty"
Package: lmodern 2009/10/30 v1.6 Latin Modern Fonts
LaTeX Font Info:    Overwriting symbol font `operators' in version `normal'
(Font)                  OT1/cmr/m/n --> OT1/lmr/m/n on input line 22.
LaTeX Font Info:    Overwriting symbol font `letters' in version `normal'
(Font)                  OML/cmm/m/it --> OML/lmm/m/it on input line 23.
LaTeX Font Info:    Overwriting symbol font `symbols' in version `normal'
(Font)                  OMS/cmsy/m/n --> OMS/lmsy/m/n on input line 24.
LaTeX Font Info:    Overwriting symbol font `largesymbols' in version `normal'
(Font)                  OMX/cmex/m/n --> OMX/lmex/m/n on input line 25.
LaTeX Font Info:    Overwriting symbol font `operators' in version `bold'
(Font)                  OT1/cmr/bx/n --> OT1/lmr/bx/n on input line 26.
LaTeX Font Info:    Overwriting symbol font `letters' in version `bold'
(Font)                  OML/cmm/b/it --> OML/lmm/b/it on input line 27.
LaTeX Font Info:    Overwriting symbol font `symbols' in version `bold'
(Font)                  OMS/cmsy/b/n --> OMS/lmsy/b/n on input line 28.
LaTeX Font Info:    Overwriting symbol font `largesymbols' in version `bold'
(Font)                  OMX/cmex/m/n --> OMX/lmex/m/n on input line 29.
LaTeX Font Info:    Overwriting math alphabet `\mathbf' in version `normal'
(Font)                  OT1/cmr/bx/n --> OT1/lmr/bx/n on input line 31.
LaTeX Font Info:    Overwriting math alphabet `\mathsf' in version `normal'
(Font)                  OT1/cmss/m/n --> OT1/lmss/m/n on input line 32.
LaTeX Font Info:    Overwriting math alphabet `\mathit' in version `normal'
(Font)                  OT1/cmr/m/it --> OT1/lmr/m/it on input line 33.
LaTeX Font Info:    Overwriting math alphabet `\mathtt' in version `normal'
(Font)                  OT1/cmtt/m/n --> OT1/lmtt/m/n on input line 34.
LaTeX Font Info:    Overwriting math alphabet `\mathbf' in version `bold'
(Font)                  OT1/cmr/bx/n --> OT1/lmr/bx/n on input line 35.
LaTeX Font Info:    Overwriting math alphabet `\mathsf' in version `bold'
(Font)                  OT1/cmss/bx/n --> OT1/lmss/bx/n on input line 36.
LaTeX Font Info:    Overwriting math alphabet `\mathit' in version `bold'
(Font)                  OT1/cmr/bx/it --> OT1/lmr/bx/it on input line 37.
LaTeX Font Info:    Overwriting math alphabet `\mathtt' in version `bold'
(Font)                  OT1/cmtt/m/n --> OT1/lmtt/m/n on input line 38.
)
("C:\Program Files\MiKTeX 2.9\tex\latex\psnfss\mathptmx.sty"
Package: mathptmx 2005/04/12 PSNFSS-v9.2a Times w/ Math, improved (SPQR, WaS) 
LaTeX Font Info:    Redeclaring symbol font `operators' on input line 28.
LaTeX Font Info:    Overwriting symbol font `operators' in version `normal'
(Font)                  OT1/lmr/m/n --> OT1/ztmcm/m/n on input line 28.
LaTeX Font Info:    Overwriting symbol font `operators' in version `bold'
(Font)                  OT1/lmr/bx/n --> OT1/ztmcm/m/n on input line 28.
LaTeX Font Info:    Redeclaring symbol font `letters' on input line 29.
LaTeX Font Info:    Overwriting symbol font `letters' in version `normal'
(Font)                  OML/lmm/m/it --> OML/ztmcm/m/it on input line 29.
LaTeX Font Info:    Overwriting symbol font `letters' in version `bold'
(Font)                  OML/lmm/b/it --> OML/ztmcm/m/it on input line 29.
LaTeX Font Info:    Redeclaring symbol font `symbols' on input line 30.
LaTeX Font Info:    Overwriting symbol font `symbols' in version `normal'
(Font)                  OMS/lmsy/m/n --> OMS/ztmcm/m/n on input line 30.
LaTeX Font Info:    Overwriting symbol font `symbols' in version `bold'
(Font)                  OMS/lmsy/b/n --> OMS/ztmcm/m/n on input line 30.
LaTeX Font Info:    Redeclaring symbol font `largesymbols' on input line 31.
LaTeX Font Info:    Overwriting symbol font `largesymbols' in version `normal'
(Font)                  OMX/lmex/m/n --> OMX/ztmcm/m/n on input line 31.
LaTeX Font Info:    Overwriting symbol font `largesymbols' in version `bold'
(Font)                  OMX/lmex/m/n --> OMX/ztmcm/m/n on input line 31.
\symbold=\mathgroup4
\symitalic=\mathgroup5
LaTeX Font Info:    Redeclaring math alphabet \mathbf on input line 34.
LaTeX Font Info:    Overwriting math alphabet `\mathbf' in version `normal'
(Font)                  OT1/lmr/bx/n --> OT1/ptm/bx/n on input line 34.
LaTeX Font Info:    Overwriting math alphabet `\mathbf' in version `bold'
(Font)                  OT1/lmr/bx/n --> OT1/ptm/bx/n on input line 34.
LaTeX Font Info:    Redeclaring math alphabet \mathit on input line 35.
LaTeX Font Info:    Overwriting math alphabet `\mathit' in version `normal'
(Font)                  OT1/lmr/m/it --> OT1/ptm/m/it on input line 35.
LaTeX Font Info:    Overwriting math alphabet `\mathit' in version `bold'
(Font)                  OT1/lmr/bx/it --> OT1/ptm/m/it on input line 35.
LaTeX Info: Redefining \hbar on input line 50.
)
("C:\Program Files\MiKTeX 2.9\tex\latex\acronym\acronym.sty"
Package: acronym 2015/03/21 v1.41 Support for acronyms (Tobias Oetiker)

("C:\Program Files\MiKTeX 2.9\tex\latex\bigfoot\suffix.sty"
Package: suffix 2006/07/15 1.5a Variant command support
)
("C:\Program Files\MiKTeX 2.9\tex\latex\xstring\xstring.sty"
("C:\Program Files\MiKTeX 2.9\tex\generic\xstring\xstring.tex"
\@xs@message=\write3
\integerpart=\count98
\decimalpart=\count99
)
Package: xstring 2013/10/13  v1.7c  String manipulations (C Tellechea)
)
\AC@clearlist=\toks20
)
("C:\Program Files\MiKTeX 2.9\tex\latex\setspace\setspace.sty"
Package: setspace 2011/12/19 v6.7a set line spacing
)

Class scrreprt Warning: Usage of package `titlesec' together
(scrreprt)              with a KOMA-Script class is not recommended.
(scrreprt)              I'd suggest to use the package only
(scrreprt)              if you really need it, because it breaks several
(scrreprt)              KOMA-Script features, i.e., option `headings' and
(scrreprt)              the extended optional argument of the section
(scrreprt)              commands.
(scrreprt)              Nevertheless, using requested
(scrreprt)              package `titlesec' on input line 20.

("C:\Program Files\MiKTeX 2.9\tex\latex\titlesec\titlesec.sty"
Package: titlesec 2016/03/21 v2.10.2 Sectioning titles
\ttl@box=\box30
\beforetitleunit=\skip59
\aftertitleunit=\skip60
\ttl@plus=\dimen118
\ttl@minus=\dimen119
\ttl@toksa=\toks21
\titlewidth=\dimen120
\titlewidthlast=\dimen121
\titlewidthfirst=\dimen122


Package titlesec Warning: Non standard sectioning command detected
(titlesec)                Using default spacing and no format.


Package titlesec Warning: Non standard sectioning command detected
(titlesec)                Using default spacing and no format.


Package titlesec Warning: Non standard sectioning command detected
(titlesec)                Using default spacing and no format.


Package titlesec Warning: Non standard sectioning command detected
(titlesec)                Using default spacing and no format.


Package titlesec Warning: Non standard sectioning command detected
(titlesec)                Using default spacing and no format.

)

Class scrreprt Warning: Activating an ugly workaround for a missing
(scrreprt)              feature of package `titlesec` on input line 20.


Class scrreprt Warning: Usage of package `minitoc' together
(scrreprt)              with a KOMA-Script class is not recommended.
(scrreprt)              Nevertheless, using requested
(scrreprt)              package `minitoc' on input line 21.

("C:\Program Files\MiKTeX 2.9\tex\latex\minitoc\minitoc.sty"
Package: minitoc 2015/07/13 v61 Package minitoc

("C:\Program Files\MiKTeX 2.9\tex\latex\minitoc\mtcmess.sty"
Package: mtcmess 2006/03/14
)
Package minitoc Info: I0001
(minitoc)             *** minitoc package, version 61 ***.
\tf@mtc=\write4
\mtcindent=\skip61
\mtcskipamount=\skip62
Package minitoc Info: I0005
(minitoc)             compatible with hyperref.
Package minitoc Info: I0023
(minitoc)             part level macros available.
Package minitoc Info: I0003
(minitoc)             chapter level macros available.
\mtc@toks=\toks22
\mtc@strutbox=\box31
\mtc@hstrutbox=\box32
Package minitoc Info: I0002
(minitoc)             Autoconfiguration of extensions.
\openout4 = `Bachelor.mtc0'.

\openout4 = `Bachelor.mtc'.

 (Bachelor.mtc0)
Package minitoc Info: I0012
(minitoc)             Long extensions (Unix-like) will be used.
Package minitoc Info: I0031
(minitoc)             ==> this version is configured for UNIX-like 
(minitoc)                 (long extensions) file names.
\openout4 = `Bachelor.mtc'.

\openout4 = `Bachelor.mtc0'.

\c@mtc=\count100
\c@minitocdepth=\count101
\c@ptc=\count102
\c@parttocdepth=\count103
\ptcindent=\skip63
Package minitoc Info: I0010
(minitoc)             The english language is selected.
(minitoc)              on input line 4909.

("C:\Program Files\MiKTeX 2.9\tex\latex\minitoc\english.mld"
File: english.mld 2006/01/13
)
("C:\Program Files\MiKTeX 2.9\tex\latex\minitoc\english.mld"
File: english.mld 2006/01/13
))
Class scrreprt Info: Deactivating the `minitoc' workaround for `\@sect',
(scrreprt)           because it is not needed on input line 21.

("C:\Program Files\MiKTeX 2.9\tex\latex\koma-script\scrpage2.sty"
Package: scrpage2 2017/09/07 v3.24 KOMA-Script package (page head and foot)


Package scrpage2 Warning: usage of obsolete package!
(scrpage2)                Package `scrpage2' is obsolete.
(scrpage2)                You should not longer use package `scrpage2'.
(scrpage2)                You should replace usage of package `scrpage2'
(scrpage2)                by `scrlayer-scrpage' on input line 52.

LaTeX Info: Redefining \pagemark on input line 180.
) ("C:\Program Files\MiKTeX 2.9\tex\latex\glossaries\base\glossaries.sty"
Package: glossaries 2017/09/20 v4.33 (NLCT)

("C:\Program Files\MiKTeX 2.9\tex\latex\xkeyval\xkeyval.sty"
Package: xkeyval 2014/12/03 v2.7a package option processing (HA)

("C:\Program Files\MiKTeX 2.9\tex\generic\xkeyval\xkeyval.tex"
("C:\Program Files\MiKTeX 2.9\tex\generic\xkeyval\xkvutils.tex"
\XKV@toks=\toks23
\XKV@tempa@toks=\toks24
)
\XKV@depth=\count104
File: xkeyval.tex 2014/12/03 v2.7a key=value parser (HA)
))
("C:\Program Files\MiKTeX 2.9\tex\latex\mfirstuc\mfirstuc.sty"
Package: mfirstuc 2016/07/31 v2.04 (NLCT)

("C:\Program Files\MiKTeX 2.9\tex\latex\etoolbox\etoolbox.sty"
Package: etoolbox 2017/01/02 v2.4 e-TeX tools for LaTeX (JAW)
\etb@tempcnta=\count105
)
\@glsmfirst=\toks25
\@glsmrest=\toks26
)
("C:\Program Files\MiKTeX 2.9\tex\latex\textcase\textcase.sty"
Package: textcase 2004/10/07 v0.07 Text only upper/lower case changing (DPC)
)
("C:\Program Files\MiKTeX 2.9\tex\latex\xfor\xfor.sty"
Package: xfor 2009/02/05 v1.05 (NLCT)
)
("C:\Program Files\MiKTeX 2.9\tex\latex\datatool\datatool-base.sty"
Package: datatool-base 2016/07/28 v2.27 (NLCT)

("C:\Program Files\MiKTeX 2.9\tex\latex\amsmath\amsmath.sty"
Package: amsmath 2016/11/05 v2.16a AMS math features
\@mathmargin=\skip64

For additional information on amsmath, use the `?' option.
("C:\Program Files\MiKTeX 2.9\tex\latex\amsmath\amstext.sty"
Package: amstext 2000/06/29 v2.01 AMS text

("C:\Program Files\MiKTeX 2.9\tex\latex\amsmath\amsgen.sty"
File: amsgen.sty 1999/11/30 v2.0 generic functions
\@emptytoks=\toks27
\ex@=\dimen123
))
("C:\Program Files\MiKTeX 2.9\tex\latex\amsmath\amsbsy.sty"
Package: amsbsy 1999/11/29 v1.2d Bold Symbols
\pmbraise@=\dimen124
)
("C:\Program Files\MiKTeX 2.9\tex\latex\amsmath\amsopn.sty"
Package: amsopn 2016/03/08 v2.02 operator names
)
\inf@bad=\count106
LaTeX Info: Redefining \frac on input line 213.
\uproot@=\count107
\leftroot@=\count108
LaTeX Info: Redefining \overline on input line 375.
\classnum@=\count109
\DOTSCASE@=\count110
LaTeX Info: Redefining \ldots on input line 472.
LaTeX Info: Redefining \dots on input line 475.
LaTeX Info: Redefining \cdots on input line 596.
\Mathstrutbox@=\box33
\strutbox@=\box34
\big@size=\dimen125
LaTeX Font Info:    Redeclaring font encoding OML on input line 712.
LaTeX Font Info:    Redeclaring font encoding OMS on input line 713.
\macc@depth=\count111
\c@MaxMatrixCols=\count112
\dotsspace@=\muskip11
\c@parentequation=\count113
\dspbrk@lvl=\count114
\tag@help=\toks28
\row@=\count115
\column@=\count116
\maxfields@=\count117
\andhelp@=\toks29
\eqnshift@=\dimen126
\alignsep@=\dimen127
\tagshift@=\dimen128
\tagwidth@=\dimen129
\totwidth@=\dimen130
\lineht@=\dimen131
\@envbody=\toks30
\multlinegap=\skip65
\multlinetaggap=\skip66
\mathdisplay@stack=\toks31
LaTeX Info: Redefining \[ on input line 2817.
LaTeX Info: Redefining \] on input line 2818.
)
("C:\Program Files\MiKTeX 2.9\tex\latex\substr\substr.sty"
Package: substr 2009/10/20 v1.2 Handle substrings
\c@su@anzahl=\count118
)
("C:\Program Files\MiKTeX 2.9\tex\latex\datatool\datatool-fp.sty"
Package: datatool-fp 2016/07/28 v2.27 (NLCT)

("C:\Program Files\MiKTeX 2.9\tex\latex\fp\fp.sty"
Package: fp 1995/04/02

`Fixed Point Package', Version 0.8, April 2, 1995 (C) Michael Mehlich
("C:\Program Files\MiKTeX 2.9\tex\latex\fp\defpattern.sty"
Package: defpattern 1994/10/12
\actioncount=\count119
)
("C:\Program Files\MiKTeX 2.9\tex\latex\fp\fp-basic.sty"
Package: fp-basic 1996/05/13
\FP@xs=\count120
\FP@xia=\count121
\FP@xib=\count122
\FP@xfa=\count123
\FP@xfb=\count124
\FP@rega=\count125
\FP@regb=\count126
\FP@regs=\count127
\FP@times=\count128
)
("C:\Program Files\MiKTeX 2.9\tex\latex\fp\fp-addons.sty"
Package: fp-addons 1995/03/15
)
("C:\Program Files\MiKTeX 2.9\tex\latex\fp\fp-snap.sty"
Package: fp-snap 1995/04/05
)
("C:\Program Files\MiKTeX 2.9\tex\latex\fp\fp-exp.sty"
Package: fp-exp 1995/04/03
)
("C:\Program Files\MiKTeX 2.9\tex\latex\fp\fp-trigo.sty"
Package: fp-trigo 1995/04/14
)
("C:\Program Files\MiKTeX 2.9\tex\latex\fp\fp-pas.sty"
Package: fp-pas 1994/08/29
)
("C:\Program Files\MiKTeX 2.9\tex\latex\fp\fp-random.sty"
Package: fp-random 1995/02/23
\FPseed=\count129
)
("C:\Program Files\MiKTeX 2.9\tex\latex\fp\fp-eqn.sty"
Package: fp-eqn 1995/04/03
)
("C:\Program Files\MiKTeX 2.9\tex\latex\fp\fp-upn.sty"
Package: fp-upn 1996/10/21
)
("C:\Program Files\MiKTeX 2.9\tex\latex\fp\fp-eval.sty"
Package: fp-eval 1995/04/03
)))
\@dtl@toks=\toks32
\@dtl@tmpcount=\count130
\dtl@tmplength=\skip67
\dtl@sortresult=\count131
\@dtl@numgrpsepcount=\count132
\@dtl@datatype=\count133
\dtl@codeA=\count134
\dtl@codeB=\count135
\@dtl@foreach@level=\count136
)
("C:\Program Files\MiKTeX 2.9\tex\latex\glossaries\base\glossaries-compatible-3
07.sty"
Package: glossaries-compatible-307 2017/09/20 v4.33 (NLCT)
) ("C:\Program Files\MiKTeX 2.9\tex\latex\tracklang\tracklang.sty"
Package: tracklang 2017/03/25 v1.3.4 (NLCT) Track Languages

("C:\Program Files\MiKTeX 2.9\tex\generic\tracklang\tracklang.tex"))
("C:\Program Files\MiKTeX 2.9\tex\latex\beamer\translator\translator.sty"
Package: translator 2010/06/12 ver 1.10

("C:\Program Files\MiKTeX 2.9\tex\latex\beamer\translator\translator-language-m
appings.tex"))
("C:\Program Files\MiKTeX 2.9\tex\latex\glossaries-german\glossaries-german.ldf
"
File: glossaries-german.ldf 2014/11/23 v1.0
)
\gls@level=\count137
\@gls@tmpb=\toks33
\gls@tmplen=\skip68
\glskeylisttok=\toks34
\glslabeltok=\toks35
\glsshorttok=\toks36
\glslongtok=\toks37

("C:\Program Files\MiKTeX 2.9\tex\latex\glossaries\styles\glossary-hypernav.sty
"
Package: glossary-hypernav 2017/09/20 v4.33 (NLCT)
) ("C:\Program Files\MiKTeX 2.9\tex\latex\glossaries\styles\glossary-list.sty"
Package: glossary-list 2017/09/20 v4.33 (NLCT)
\glslistdottedwidth=\skip69
) ("C:\Program Files\MiKTeX 2.9\tex\latex\glossaries\styles\glossary-long.sty"
Package: glossary-long 2017/09/20 v4.33 (NLCT)

("C:\Program Files\MiKTeX 2.9\tex\latex\tools\longtable.sty"
Package: longtable 2014/10/28 v4.11 Multi-page Table package (DPC)
\LTleft=\skip70
\LTright=\skip71
\LTpre=\skip72
\LTpost=\skip73
\LTchunksize=\count138
\LTcapwidth=\dimen132
\LT@head=\box35
\LT@firsthead=\box36
\LT@foot=\box37
\LT@lastfoot=\box38
\LT@cols=\count139
\LT@rows=\count140
\c@LT@tables=\count141
\c@LT@chunks=\count142
\LT@p@ftn=\toks38
)
Class scrreprt Info: longtable captions redefined on input line 43.
\glsdescwidth=\skip74
\glspagelistwidth=\skip75
)
("C:\Program Files\MiKTeX 2.9\tex\latex\glossaries\styles\glossary-super.sty"
Package: glossary-super 2017/09/20 v4.33 (NLCT)

("C:\Program Files\MiKTeX 2.9\tex\latex\supertabular\supertabular.sty"
Package: supertabular 2004/02/20 v4.1e the supertabular environment
\c@tracingst=\count143
\ST@wd=\dimen133
\ST@rightskip=\skip76
\ST@leftskip=\skip77
\ST@parfillskip=\skip78
\ST@pageleft=\dimen134
\ST@headht=\dimen135
\ST@tailht=\dimen136
\ST@pagesofar=\dimen137
\ST@pboxht=\dimen138
\ST@lineht=\dimen139
\ST@stretchht=\dimen140
\ST@prevht=\dimen141
\ST@toadd=\dimen142
\ST@dimen=\dimen143
\ST@pbox=\box39
))
("C:\Program Files\MiKTeX 2.9\tex\latex\glossaries\styles\glossary-tree.sty"
Package: glossary-tree 2017/09/20 v4.33 (NLCT)
\glstreeindent=\skip79
))
("C:\Program Files\MiKTeX 2.9\tex\latex\titlesec\ttlkeys.def"
File: ttlkeys.def 2016/03/15
)
Package minitoc Info: I0014
(minitoc)             \mtcsetfeature redefines the macro 
(minitoc)             "closeminitoc" as 
(minitoc)             "\vspace {.5cm}" on input line 53.

(glossar/Glossar.tex
\glswrite=\write5
\glo@main@file=\write6
\openout6 = `Bachelor.glo'.

Package glossaries Info: Writing glossary file Bachelor.glo on input line 2.
\glo@acronym@file=\write7
\openout7 = `Bachelor.acn'.

Package glossaries Info: Writing glossary file Bachelor.acn on input line 2.
) (Bachelor.aux)
\openout1 = `Bachelor.aux'.

LaTeX Font Info:    Checking defaults for OML/cmm/m/it on input line 64.
LaTeX Font Info:    ... okay on input line 64.
LaTeX Font Info:    Checking defaults for T1/cmr/m/n on input line 64.
LaTeX Font Info:    ... okay on input line 64.
LaTeX Font Info:    Checking defaults for OT1/cmr/m/n on input line 64.
LaTeX Font Info:    ... okay on input line 64.
LaTeX Font Info:    Checking defaults for OMS/cmsy/m/n on input line 64.
LaTeX Font Info:    ... okay on input line 64.
LaTeX Font Info:    Checking defaults for OMX/cmex/m/n on input line 64.
LaTeX Font Info:    ... okay on input line 64.
LaTeX Font Info:    Checking defaults for U/cmr/m/n on input line 64.
LaTeX Font Info:    ... okay on input line 64.
LaTeX Font Info:    Try loading font information for T1+ptm on input line 64.

("C:\Program Files\MiKTeX 2.9\tex\latex\psnfss\t1ptm.fd"
File: t1ptm.fd 2001/06/04 font definitions for T1/ptm.
)
\AtBeginShipoutBox=\box40

("C:\Program Files\MiKTeX 2.9\tex\context\base\supp-pdf.mkii"
[Loading MPS to PDF converter (version 2006.09.02).]
\scratchcounter=\count144
\scratchdimen=\dimen144
\scratchbox=\box41
\nofMPsegments=\count145
\nofMParguments=\count146
\everyMPshowfont=\toks39
\MPscratchCnt=\count147
\MPscratchDim=\dimen145
\MPnumerator=\count148
\makeMPintoPDFobject=\count149
\everyMPtoPDFconversion=\toks40
) ("C:\Program Files\MiKTeX 2.9\tex\generic\oberdiek\pdftexcmds.sty"
Package: pdftexcmds 2017/03/19 v0.25 Utility functions of pdfTeX for LuaTeX (HO
)

("C:\Program Files\MiKTeX 2.9\tex\generic\oberdiek\ifluatex.sty"
Package: ifluatex 2016/05/16 v1.4 Provides the ifluatex switch (HO)
Package ifluatex Info: LuaTeX not detected.
)
Package pdftexcmds Info: LuaTeX not detected.
Package pdftexcmds Info: \pdf@primitive is available.
Package pdftexcmds Info: \pdf@ifprimitive is available.
Package pdftexcmds Info: \pdfdraftmode found.
)
("C:\Program Files\MiKTeX 2.9\tex\latex\oberdiek\epstopdf-base.sty"
Package: epstopdf-base 2016/05/15 v2.6 Base part for package epstopdf

("C:\Program Files\MiKTeX 2.9\tex\latex\oberdiek\grfext.sty"
Package: grfext 2016/05/16 v1.2 Manage graphics extensions (HO)

("C:\Program Files\MiKTeX 2.9\tex\generic\oberdiek\kvdefinekeys.sty"
Package: kvdefinekeys 2016/05/16 v1.4 Define keys (HO)
))
("C:\Program Files\MiKTeX 2.9\tex\latex\oberdiek\kvoptions.sty"
Package: kvoptions 2016/05/16 v3.12 Key value format for package options (HO)

("C:\Program Files\MiKTeX 2.9\tex\generic\oberdiek\kvsetkeys.sty"
Package: kvsetkeys 2016/05/16 v1.17 Key value parser (HO)

("C:\Program Files\MiKTeX 2.9\tex\generic\oberdiek\etexcmds.sty"
Package: etexcmds 2016/05/16 v1.6 Avoid name clashes with e-TeX commands (HO)
Package etexcmds Info: Could not find \expanded.
(etexcmds)             That can mean that you are not using pdfTeX 1.50 or
(etexcmds)             that some package has redefined \expanded.
(etexcmds)             In the latter case, load this package earlier.
)))
Package epstopdf-base Info: Redefining graphics rule for `.eps' on input line 4
38.
Package grfext Info: Graphics extension search list:
(grfext)             [.png,.pdf,.jpg,.mps,.jpeg,.jbig2,.jb2,.PNG,.PDF,.JPG,.JPE
G,.JBIG2,.JB2,.eps]
(grfext)             \AppendGraphicsExtensions on input line 456.
)
("C:\Program Files\MiKTeX 2.9\tex\latex\oberdiek\pdflscape.sty"
Package: pdflscape 2016/05/14 v0.11 Display of landscape pages in PDF (HO)

("C:\Program Files\MiKTeX 2.9\tex\latex\graphics\lscape.sty"
Package: lscape 2000/10/22 v3.01 Landscape Pages (DPC)
)
Package pdflscape Info: Auto-detected driver: pdftex on input line 81.
)
*geometry* driver: auto-detecting
*geometry* detected driver: pdftex
*geometry* verbose mode - [ preamble ] result:
* driver: pdftex
* paper: a4paper
* layout: <custom>
* layout(width,height): (597.50793pt,896.26181pt)
* layoutoffset:(h,v)=(0.0pt,0.0pt)
* modes: 
* h-part:(L,W,R)=(85.35826pt, 441.01779pt, 71.13188pt)
* v-part:(T,H,B)=(107.55249pt, 627.38052pt, 161.3288pt)
* \paperwidth=597.50787pt
* \paperheight=845.04684pt
* \textwidth=441.01779pt
* \textheight=627.38052pt
* \oddsidemargin=13.08827pt
* \evensidemargin=13.08827pt
* \topmargin=-4.5925pt
* \headheight=18.125pt
* \headsep=21.75pt
* \topskip=12.0pt
* \footskip=50.75pt
* \marginparwidth=49.79233pt
* \marginparsep=12.8401pt
* \columnsep=10.0pt
* \skip\footins=10.8pt plus 4.0pt minus 2.0pt
* \hoffset=0.0pt
* \voffset=0.0pt
* \mag=1000
* \@twocolumnfalse
* \@twosidefalse
* \@mparswitchfalse
* \@reversemarginfalse
* (1in=72.27pt=25.4mm, 1cm=28.453pt)

Package minitoc(hints) Info: I0049
(minitoc(hints))             ==> You requested the hints option. 
(minitoc(hints))             Some hints are eventually given below.
Package minitoc(hints) Info: I0043
(minitoc(hints))             --- The KOMAScript scrreprt class is loaded. 
(minitoc(hints))             See the minitoc package documentation 
(minitoc(hints))             for specific precautions.

Package minitoc(hints) Warning: W0099
(minitoc(hints))                --- The titlesec package is loaded. 
(minitoc(hints))                It is incompatible 
(minitoc(hints))                with the minitoc package.


Package scrpage2 Warning: seems you are using a very small headheight.
(scrpage2)                If you get overfull \vbox warnings at almost every
(scrpage2)                page, you should increase headheight e.g. writing
(scrpage2)                 \setlength{\headheight}{1.1\baselineskip}
(scrpage2)                into the preamble of your document.
(scrpage2)                A better solution would be to use typearea package.

Package minitoc Info: I0024
(minitoc)             PREPARING MINITOCS FROM Bachelor.toc on input line 70.
Package minitoc Info: I0033
(minitoc)             Writing Bachelor.mtc1.
\openout4 = `Bachelor.mtc1'.

Package minitoc Info: I0033
(minitoc)             Writing Bachelor.mtc2.
\openout4 = `Bachelor.mtc2'.

Package minitoc Info: I0033
(minitoc)             Writing Bachelor.mtc3.
\openout4 = `Bachelor.mtc3'.

Package minitoc Info: I0033
(minitoc)             Writing Bachelor.mtc4.
\openout4 = `Bachelor.mtc4'.

Package minitoc Info: I0033
(minitoc)             Writing Bachelor.mtc5.
\openout4 = `Bachelor.mtc5'.

Package minitoc Info: I0033
(minitoc)             Writing Bachelor.mtc6.
\openout4 = `Bachelor.mtc6'.

Package minitoc Info: I0033
(minitoc)             Writing Bachelor.mtc7.
\openout4 = `Bachelor.mtc7'.

Package minitoc Info: I0033
(minitoc)             Writing Bachelor.mtc8.
\openout4 = `Bachelor.mtc8'.

Package minitoc Info: I0033
(minitoc)             Writing Bachelor.mtc9.
\openout4 = `Bachelor.mtc9'.

Package minitoc Info: I0017
(minitoc)             \mtcsettitle redefines the macro 
(minitoc)             "mtctitle" as 
(minitoc)             "" on input line 70.


pdfTeX warning: pdflatex.exe (file ./Deckblatt-BA.pdf): PDF inclusion: found PD
F version <1.7>, but at most version <1.5> allowed
<Deckblatt-BA.pdf, id=1, 597.55246pt x 845.07718pt>
File: Deckblatt-BA.pdf Graphic file (type pdf)
 <use Deckblatt-BA.pdf>
Package pdftex.def Info: Deckblatt-BA.pdf used on input line 76.
(pdftex.def)             Requested size: 597.551pt x 845.07512pt.


pdfTeX warning: pdflatex.exe (file ./Deckblatt-BA.pdf): PDF inclusion: found PD
F version <1.7>, but at most version <1.5> allowed
File: Deckblatt-BA.pdf Graphic file (type pdf)
<use Deckblatt-BA.pdf>
Package pdftex.def Info: Deckblatt-BA.pdf used on input line 76.
(pdftex.def)             Requested size: 597.551pt x 845.07512pt.


pdfTeX warning: pdflatex.exe (file ./Deckblatt-BA.pdf): PDF inclusion: found PD
F version <1.7>, but at most version <1.5> allowed


pdfTeX warning: pdflatex.exe (file ./Deckblatt-BA.pdf): PDF inclusion: found PD
F version <1.7>, but at most version <1.5> allowed
<Deckblatt-BA.pdf, id=4, page=1, 597.55246pt x 845.07718pt>
File: Deckblatt-BA.pdf Graphic file (type pdf)

<use Deckblatt-BA.pdf, page 1>
Package pdftex.def Info: Deckblatt-BA.pdf, page1 used on input line 76.
(pdftex.def)             Requested size: 597.551pt x 845.07512pt.
File: Deckblatt-BA.pdf Graphic file (type pdf)
 <use Deckblatt-BA.pdf, page 1>
Package pdftex.def Info: Deckblatt-BA.pdf, page1 used on input line 76.
(pdftex.def)             Requested size: 597.57834pt x 845.1138pt.
File: Deckblatt-BA.pdf Graphic file (type pdf)

<use Deckblatt-BA.pdf, page 1>
Package pdftex.def Info: Deckblatt-BA.pdf, page1 used on input line 76.
(pdftex.def)             Requested size: 597.57834pt x 845.1138pt.
File: Deckblatt-BA.pdf Graphic file (type pdf)
 <use Deckblatt-BA.pdf, page 1>
Package pdftex.def Info: Deckblatt-BA.pdf, page1 used on input line 76.
(pdftex.def)             Requested size: 597.57834pt x 845.1138pt.
File: Deckblatt-BA.pdf Graphic file (type pdf)

<use Deckblatt-BA.pdf, page 1>
Package pdftex.def Info: Deckblatt-BA.pdf, page1 used on input line 76.
(pdftex.def)             Requested size: 597.57834pt x 845.1138pt.
 [1

\openout5 = `Bachelor.ist'.

 <./Deckblatt-BA.pdf>]
<Erstellungserklaerung-Abschlussarbeit.pdf, id=26, 597.23125pt x 845.1575pt>
File: Erstellungserklaerung-Abschlussarbeit.pdf Graphic file (type pdf)

<use Erstellungserklaerung-Abschlussarbeit.pdf>
Package pdftex.def Info: Erstellungserklaerung-Abschlussarbeit.pdf used on inpu
t line 77.
(pdftex.def)             Requested size: 597.22978pt x 845.15544pt.
File: Erstellungserklaerung-Abschlussarbeit.pdf Graphic file (type pdf)

<use Erstellungserklaerung-Abschlussarbeit.pdf>
Package pdftex.def Info: Erstellungserklaerung-Abschlussarbeit.pdf used on inpu
t line 77.
(pdftex.def)             Requested size: 597.22978pt x 845.15544pt.

<Erstellungserklaerung-Abschlussarbeit.pdf, id=29, page=1, 597.23125pt x 845.15
75pt>
File: Erstellungserklaerung-Abschlussarbeit.pdf Graphic file (type pdf)
 <use Erstellungserklaerung-Abschlussarbeit.pdf, page 1>
Package pdftex.def Info: Erstellungserklaerung-Abschlussarbeit.pdf, page1 used 
on input line 77.
(pdftex.def)             Requested size: 597.22978pt x 845.15544pt.
File: Erstellungserklaerung-Abschlussarbeit.pdf Graphic file (type pdf)

<use Erstellungserklaerung-Abschlussarbeit.pdf, page 1>
Package pdftex.def Info: Erstellungserklaerung-Abschlussarbeit.pdf, page1 used 
on input line 77.
(pdftex.def)             Requested size: 597.25711pt x 845.19412pt.
File: Erstellungserklaerung-Abschlussarbeit.pdf Graphic file (type pdf)

<use Erstellungserklaerung-Abschlussarbeit.pdf, page 1>
Package pdftex.def Info: Erstellungserklaerung-Abschlussarbeit.pdf, page1 used 
on input line 77.
(pdftex.def)             Requested size: 597.25711pt x 845.19412pt.
File: Erstellungserklaerung-Abschlussarbeit.pdf Graphic file (type pdf)

<use Erstellungserklaerung-Abschlussarbeit.pdf, page 1>
Package pdftex.def Info: Erstellungserklaerung-Abschlussarbeit.pdf, page1 used 
on input line 77.
(pdftex.def)             Requested size: 597.25711pt x 845.19412pt.
File: Erstellungserklaerung-Abschlussarbeit.pdf Graphic file (type pdf)

<use Erstellungserklaerung-Abschlussarbeit.pdf, page 1>
Package pdftex.def Info: Erstellungserklaerung-Abschlussarbeit.pdf, page1 used 
on input line 77.
(pdftex.def)             Requested size: 597.25711pt x 845.19412pt.
 [2 <./Erstellungserklaerung-Abschlussarbeit.pdf>] (Text/Danksagung.tex
LaTeX Font Info:    Font shape `T1/ptm/bx/n' in size <20.74> not available
(Font)              Font shape `T1/ptm/b/n' tried instead on input line 3.
LaTeX Font Info:    Font shape `T1/ptm/bx/n' in size <24.88> not available
(Font)              Font shape `T1/ptm/b/n' tried instead on input line 3.

Underfull \hbox (badness 10000) in paragraph at lines 4--7

 []

[1{C:/ProgramData/MiKTeX/2.9/pdftex/config/pdftex.map}]) (Text/Kurzfassung.tex
Underfull \hbox (badness 10000) in paragraph at lines 4--7

 []

[2]) (Bachelor.toc
LaTeX Font Info:    Try loading font information for T1+lmss on input line 2.
 ("C:\Program Files\MiKTeX 2.9\tex\latex\lm\t1lmss.fd"
File: t1lmss.fd 2009/10/30 v1.6 Font defs for Latin Modern
)
LaTeX Font Info:    Try loading font information for OT1+ztmcm on input line 3.


("C:\Program Files\MiKTeX 2.9\tex\latex\psnfss\ot1ztmcm.fd"
File: ot1ztmcm.fd 2000/01/03 Fontinst v1.801 font definitions for OT1/ztmcm.
)
LaTeX Font Info:    Try loading font information for OML+ztmcm on input line 3.


("C:\Program Files\MiKTeX 2.9\tex\latex\psnfss\omlztmcm.fd"
File: omlztmcm.fd 2000/01/03 Fontinst v1.801 font definitions for OML/ztmcm.
)
LaTeX Font Info:    Try loading font information for OMS+ztmcm on input line 3.


("C:\Program Files\MiKTeX 2.9\tex\latex\psnfss\omsztmcm.fd"
File: omsztmcm.fd 2000/01/03 Fontinst v1.801 font definitions for OMS/ztmcm.
)
LaTeX Font Info:    Try loading font information for OMX+ztmcm on input line 3.


("C:\Program Files\MiKTeX 2.9\tex\latex\psnfss\omxztmcm.fd"
File: omxztmcm.fd 2000/01/03 Fontinst v1.801 font definitions for OMX/ztmcm.
)
LaTeX Font Info:    Try loading font information for OT1+ptm on input line 3.

("C:\Program Files\MiKTeX 2.9\tex\latex\psnfss\ot1ptm.fd"
File: ot1ptm.fd 2001/06/04 font definitions for OT1/ptm.
)
LaTeX Font Info:    Font shape `OT1/ptm/bx/n' in size <12> not available
(Font)              Font shape `OT1/ptm/b/n' tried instead on input line 3.
LaTeX Font Info:    Font shape `OT1/ptm/bx/n' in size <9> not available
(Font)              Font shape `OT1/ptm/b/n' tried instead on input line 3.
LaTeX Font Info:    Font shape `OT1/ptm/bx/n' in size <7> not available
(Font)              Font shape `OT1/ptm/b/n' tried instead on input line 3.
 [1

])
\tf@toc=\write8
\openout8 = `Bachelor.toc'.

 [2]
(Text/Einleitung.tex
chapter 1.
\openout4 = `Bachelor.mtc'.

\openout4 = `Bachelor.mtc'.

LaTeX Font Info:    Font shape `OT1/ptm/bx/n' in size <10.95> not available
(Font)              Font shape `OT1/ptm/b/n' tried instead on input line 5.
LaTeX Font Info:    Font shape `OT1/ptm/bx/n' in size <8> not available
(Font)              Font shape `OT1/ptm/b/n' tried instead on input line 5.
LaTeX Font Info:    Font shape `OT1/ptm/bx/n' in size <6> not available
(Font)              Font shape `OT1/ptm/b/n' tried instead on input line 5.
LaTeX Font Info:    Font shape `T1/ptm/bx/n' in size <14.4> not available
(Font)              Font shape `T1/ptm/b/n' tried instead on input line 5.
(Bachelor.mtc1
LaTeX Font Info:    Font shape `T1/ptm/bx/n' in size <10.95> not available
(Font)              Font shape `T1/ptm/b/n' tried instead on input line 1.
)) (Text/Hauptteil_I.tex [3

]
chapter 2.

Overfull \hbox (7.58652pt too wide) in paragraph at lines 5--5
|[]\T1/ptm/b/n/24.88 Teil I: Pro-jekt-ma-na-ge-ment in der Theo-
 []

\openout4 = `Bachelor.mtc'.

\openout4 = `Bachelor.mtc'.

(Bachelor.mtc2)
LaTeX Font Info:    Font shape `T1/ptm/bx/n' in size <17.28> not available
(Font)              Font shape `T1/ptm/b/n' tried instead on input line 13.
 [4

]) (Text/Hauptteil_II.tex [5]
chapter 3.
\openout4 = `Bachelor.mtc'.

\openout4 = `Bachelor.mtc'.

(Bachelor.mtc3) [6

]) (Text/Hauptteil_III.tex [7]
chapter 4.
\openout4 = `Bachelor.mtc'.

\openout4 = `Bachelor.mtc'.

(Bachelor.mtc4) [8

]
LaTeX Font Info:    Font shape `OT1/ptm/bx/n' in size <17.28> not available
(Font)              Font shape `OT1/ptm/b/n' tried instead on input line 26.
LaTeX Font Info:    Font shape `OT1/ptm/bx/n' in size <10> not available
(Font)              Font shape `OT1/ptm/b/n' tried instead on input line 26.
 [9]) (Text/Resümee.tex [10]
chapter 5.
\openout4 = `Bachelor.mtc'.

\openout4 = `Bachelor.mtc'.

(Bachelor.mtc5)) [11

] (acronyme/Acronym.tex
Underfull \hbox (badness 10000) in paragraph at lines 6--8

 []

LaTeX Font Info:    Font shape `T1/ptm/bx/n' in size <12> not available
(Font)              Font shape `T1/ptm/b/n' tried instead on input line 9.
) [3] (Bachelor.gls) [4

] (Bachelor.lof)
\tf@lof=\write9
\openout9 = `Bachelor.lof'.

 [5

] (Bachelor.bbl

LaTeX Warning: Empty `thebibliography' environment or \BreakBibliography
               before end of `thebibliography' environment on input line 3.

) [6

]
Package minitoc Info: I0009
(minitoc)             Listing minitoc auxiliary files. 
(minitoc)             Creating the Bachelor.maf file.
\openout4 = `Bachelor.maf'.



Package minitoc(hints) Warning: W0024
(minitoc(hints))                Some hints have been written 
(minitoc(hints))                in the Bachelor.log file.

(Bachelor.aux) ) 
Here is how much of TeX's memory you used:
 16087 strings out of 493323
 267793 string characters out of 3139050
 497650 words of memory out of 3000000
 19018 multiletter control sequences out of 15000+200000
 70670 words of font info for 102 fonts, out of 3000000 for 9000
 1141 hyphenation exceptions out of 8191
 56i,18n,66p,8821b,535s stack positions out of 5000i,500n,10000p,200000b,50000s
{C:/Program Files/MiKTeX 2.9/fonts/enc/dvips/base/8r.enc}{C:/Pr
ogram Files/MiKTeX 2.9/fonts/enc/dvips/lm/lm-ec.enc}<C:/Program Files/MiKTeX 2.
9/fonts/type1/public/amsfonts/cm/cmr10.pfb><C:/Program Files/MiKTeX 2.9/fonts/t
ype1/public/lm/lmssbx10.pfb><C:/Program Files/MiKTeX 2.9/fonts/type1/urw/times/
utmb8a.pfb><C:/Program Files/MiKTeX 2.9/fonts/type1/urw/times/utmr8a.pfb><C:/Pr
ogram Files/MiKTeX 2.9/fonts/type1/urw/times/utmri8a.pfb>
Output written on Bachelor.pdf (19 pages, 538631 bytes).
PDF statistics:
 131 PDF objects out of 1000 (max. 8388607)
 0 named destinations out of 1000 (max. 500000)
 41 words of extra memory for PDF output out of 10000 (max. 10000000)

